<?xml version="1.0" encoding="UTF-8"?>
<!-- Generated by org.testng.reporters.JUnitReportReporter -->
<testsuite hostname="aathavan" failures="0" tests="2" name="GoRest.PostRequest" time="1.604" errors="0" timestamp="2022-11-12T15:11:50 IST" skipped="0">
  <testcase classname="GoRest.PostRequest" name="postData" time="0.223"/>
  <system-out/>
  <testcase classname="GoRest.PostRequest" name="createdResource" time="1.381"/>
  <system-out/>
</testsuite> <!-- GoRest.PostRequest -->
