<?xml version="1.0" encoding="UTF-8"?>
<!-- Generated by org.testng.reporters.JUnitReportReporter -->
<testsuite hostname="aathavan" failures="0" tests="1" name="GoRest.GetRequest" time="1.444" errors="0" timestamp="2022-11-12T15:10:45 IST" skipped="0">
  <testcase classname="GoRest.GetRequest" name="getR" time="1.444"/>
  <system-out/>
</testsuite> <!-- GoRest.GetRequest -->
