<?xml version="1.0" encoding="UTF-8"?>
<!-- Generated by org.testng.reporters.JUnitReportReporter -->
<testsuite hostname="LAPTOP-MGQANEBL" failures="0" tests="4" name="GoRest.CreateUpdateDeleteWithLog4j" time="4.308" errors="0" timestamp="2022-11-02T18:17:53 IST" skipped="0">
  <testcase classname="GoRest.CreateUpdateDeleteWithLog4j" name="postData" time="0.344"/>
  <system-out/>
  <testcase classname="GoRest.CreateUpdateDeleteWithLog4j" name="createUser" time="2.216"/>
  <system-out/>
  <testcase classname="GoRest.CreateUpdateDeleteWithLog4j" name="updateUser" time="0.915"/>
  <system-out/>
  <testcase classname="GoRest.CreateUpdateDeleteWithLog4j" name="deleteUser" time="0.833"/>
  <system-out/>
</testsuite> <!-- GoRest.CreateUpdateDeleteWithLog4j -->
