<?xml version="1.0" encoding="UTF-8"?>
<!-- Generated by org.testng.reporters.JUnitReportReporter -->
<testsuite hostname="aathavan" failures="0" tests="1" name="in.Sauce.testscripts.TestRunner" time="4.564" errors="0" timestamp="2022-09-07T23:20:08 IST" skipped="0">
  <testcase classname="in.Sauce.testscripts.TestRunner" name="runScenario" time="4.564"/>
  <system-out/>
</testsuite> <!-- in.Sauce.testscripts.TestRunner -->
